<?xml version="1.0" encoding="UTF-8"?>
<!-- Generated by org.testng.reporters.JUnitReportReporter -->
<testsuite ignored="0" hostname="Nova-6327" failures="0" tests="1" name="Prueba1.NewTest" time="2.619" errors="0" timestamp="22 jul 2023 16:50:22 GMT" skipped="0">
  <testcase classname="Prueba1.NewTest" name="tc01" time="2.619"/>
</testsuite> <!-- Prueba1.NewTest -->
