<?xml version="1.0" encoding="UTF-8"?>
<!-- Generated by org.testng.reporters.JUnitReportReporter -->
<testsuite ignored="0" hostname="Nova-6327" failures="0" tests="1" name="loginTestCases.TC_04_LoginJson" time="0.375" errors="0" timestamp="19 ago 2023 17:00:00 GMT" skipped="0">
  <testcase classname="loginTestCases.TC_04_LoginJson" name="TC_04" time="0.375"/>
</testsuite> <!-- loginTestCases.TC_04_LoginJson -->
