<?xml version="1.0" encoding="UTF-8"?>
<!-- Generated by org.testng.reporters.JUnitReportReporter -->
<testsuite ignored="0" hostname="Nova-6327" failures="0" tests="1" name="loginTestCases.TC_05" time="0.909" errors="0" timestamp="19 ago 2023 17:27:43 GMT" skipped="0">
  <testcase classname="loginTestCases.TC_05" name="TC_05" time="0.909"/>
</testsuite> <!-- loginTestCases.TC_05 -->
