<?xml version="1.0" encoding="UTF-8"?>
<!-- Generated by org.testng.reporters.JUnitReportReporter -->
<testsuite ignored="0" hostname="Nova-6327" failures="0" tests="1" name="Prueba1.NewTest" time="3.524" errors="0" timestamp="28 jul 2023 19:08:33 GMT" skipped="0">
  <testcase classname="Prueba1.NewTest" name="tc01" time="3.524"/>
</testsuite> <!-- Prueba1.NewTest -->
