<?xml version="1.0" encoding="UTF-8"?>
<!-- Generated by org.testng.reporters.JUnitReportReporter -->
<testsuite ignored="0" hostname="Nova-6327" failures="0" tests="1" name="Prueba1.Hard_Assertion" time="4.384" errors="0" timestamp="12 ago 2023 16:05:43 GMT" skipped="0">
  <testcase classname="Prueba1.Hard_Assertion" name="f" time="4.384"/>
</testsuite> <!-- Prueba1.Hard_Assertion -->
