<?xml version="1.0" encoding="UTF-8"?>
<!-- Generated by org.testng.reporters.JUnitReportReporter -->
<testsuite ignored="0" hostname="Nova-6327" failures="0" tests="1" name="loginTestCases.TC_01_Login" time="0.447" errors="0" timestamp="19 ago 2023 15:37:04 GMT" skipped="0">
  <testcase classname="loginTestCases.TC_01_Login" name="TC_01" time="0.447"/>
</testsuite> <!-- loginTestCases.TC_01_Login -->
